SF:lib/screens/introduction_page.dart
DA:228,1
DA:229,1
DA:231,1
DA:233,1
DA:234,1
DA:236,1
DA:237,1
DA:239,1
DA:248,1
DA:250,1
DA:251,1
DA:253,1
DA:255,1
DA:271,1
DA:272,1
DA:274,1
DA:278,1
DA:280,1
DA:281,1
DA:282,1
DA:283,2
DA:291,1
DA:293,1
DA:298,1
DA:299,0
DA:300,0
DA:324,1
DA:325,1
DA:327,1
DA:328,2
DA:333,0
DA:334,0
DA:336,0
DA:337,0
LF:34
LH:28
end_of_record
SF:lib/screens/phone_number_input_page.dart
DA:16,2
DA:18,1
DA:19,1
DA:30,0
DA:31,0
DA:40,0
DA:42,0
DA:44,0
DA:46,0
DA:47,0
DA:48,0
DA:50,0
DA:51,0
DA:52,0
DA:55,0
DA:56,0
DA:60,0
DA:61,0
DA:63,0
DA:64,0
DA:66,0
DA:118,0
DA:120,0
DA:121,0
DA:123,0
DA:124,0
DA:135,1
DA:137,1
DA:138,1
DA:140,1
DA:141,1
DA:142,1
DA:143,1
DA:147,4
DA:156,1
DA:158,1
DA:159,1
DA:162,1
DA:177,1
DA:178,1
DA:179,1
DA:181,1
DA:182,1
DA:183,1
DA:184,1
DA:186,1
DA:187,1
DA:188,1
DA:190,1
DA:192,1
DA:193,1
DA:194,1
DA:195,1
DA:202,1
DA:203,1
DA:205,1
DA:212,1
DA:213,1
DA:215,1
DA:217,1
DA:218,1
DA:219,1
DA:220,1
DA:221,1
DA:223,1
DA:224,1
DA:225,1
DA:227,1
DA:228,1
DA:229,1
DA:233,0
DA:234,0
DA:238,0
DA:239,0
DA:241,0
DA:242,0
DA:243,0
DA:248,0
DA:249,0
DA:250,0
DA:251,0
DA:258,1
DA:262,1
DA:263,1
DA:265,1
DA:277,1
DA:280,1
DA:282,4
DA:283,1
DA:287,0
DA:289,0
DA:290,0
DA:291,0
DA:292,0
DA:309,0
DA:310,0
DA:311,0
DA:312,0
DA:313,0
DA:314,0
DA:315,0
DA:316,0
DA:317,0
DA:318,0
DA:319,0
DA:320,0
DA:321,0
DA:322,0
DA:326,0
DA:327,0
DA:333,0
DA:334,0
DA:338,0
DA:340,0
DA:342,0
DA:347,0
DA:349,0
DA:362,1
DA:381,1
DA:383,2
DA:384,1
DA:387,0
DA:388,0
DA:400,0
DA:405,0
DA:407,0
DA:408,0
DA:410,0
DA:412,0
DA:414,0
DA:415,0
DA:417,0
LF:132
LH:59
end_of_record
SF:lib/screens/registration/login_page.dart
DA:17,0
DA:19,0
DA:20,0
DA:39,0
DA:41,0
DA:42,0
DA:44,0
DA:45,0
DA:46,0
DA:47,0
DA:51,0
DA:52,0
DA:61,0
DA:63,0
DA:64,0
DA:67,0
DA:82,0
DA:83,0
DA:84,0
DA:86,0
DA:87,0
DA:89,0
DA:90,0
DA:91,0
DA:92,0
DA:94,0
DA:95,0
DA:96,0
DA:98,0
DA:100,0
DA:101,0
DA:102,0
DA:103,0
DA:110,0
DA:111,0
DA:113,0
DA:120,0
DA:121,0
DA:123,0
DA:125,0
DA:126,0
DA:127,0
DA:128,0
DA:129,0
DA:131,0
DA:132,0
DA:133,0
DA:135,0
DA:136,0
DA:137,0
DA:141,0
DA:142,0
DA:146,0
DA:147,0
DA:149,0
DA:150,0
DA:151,0
DA:156,0
DA:157,0
DA:158,0
DA:159,0
DA:166,0
DA:169,0
DA:170,0
DA:172,0
DA:174,0
DA:175,0
DA:176,0
DA:178,0
DA:179,0
DA:180,0
DA:186,0
DA:187,0
DA:191,0
DA:192,0
DA:194,0
DA:195,0
DA:196,0
DA:201,0
DA:202,0
DA:203,0
DA:204,0
DA:214,0
DA:215,0
DA:217,0
DA:229,0
DA:232,0
DA:234,0
DA:235,0
DA:239,0
DA:240,0
DA:241,0
DA:242,0
DA:243,0
DA:244,0
DA:246,0
DA:247,0
DA:249,0
DA:250,0
DA:251,0
DA:252,0
DA:254,0
DA:256,0
DA:258,0
DA:259,0
DA:264,0
DA:266,0
DA:267,0
DA:268,0
DA:271,0
DA:273,0
DA:276,0
DA:289,0
DA:291,0
DA:292,0
DA:294,0
DA:296,0
DA:297,0
DA:298,0
DA:300,0
DA:301,0
DA:303,0
DA:305,0
DA:317,0
DA:318,0
DA:321,0
DA:322,0
DA:324,0
DA:325,0
DA:326,0
DA:327,0
DA:328,0
DA:329,0
LF:133
LH:0
end_of_record
SF:lib/constants/constants.dart
DA:5,3
DA:6,0
DA:7,0
DA:8,0
DA:9,0
LF:5
LH:1
end_of_record
SF:lib/modals/model_stations.dart
DA:13,0
DA:21,0
DA:22,0
DA:23,0
DA:24,0
DA:25,0
DA:28,0
DA:29,0
DA:30,0
DA:32,0
DA:36,0
DA:37,0
DA:39,0
DA:43,0
DA:66,0
DA:68,0
LF:16
LH:0
end_of_record
SF:lib/phone_auth_test.dart
DA:424,0
DA:426,0
DA:427,0
DA:442,0
DA:443,0
DA:444,0
DA:445,0
DA:446,0
DA:448,0
DA:454,0
DA:455,0
DA:456,0
DA:457,0
DA:458,0
DA:459,0
DA:464,0
DA:466,0
DA:470,0
DA:472,0
DA:474,0
DA:475,0
DA:476,0
DA:481,0
DA:490,0
DA:492,0
DA:493,0
DA:496,0
DA:499,0
DA:500,0
DA:501,0
DA:502,0
DA:508,0
DA:509,0
DA:510,0
DA:514,0
DA:516,0
DA:517,0
DA:521,0
DA:523,0
DA:528,0
DA:529,0
DA:533,0
DA:540,0
DA:541,0
DA:543,0
DA:544,0
DA:546,0
DA:547,0
DA:550,0
DA:551,0
DA:555,0
DA:556,0
DA:557,0
DA:559,0
DA:566,0
DA:569,0
DA:571,0
DA:572,0
DA:573,0
DA:577,0
DA:578,0
DA:580,0
DA:583,0
DA:584,0
DA:587,0
DA:588,0
DA:589,0
DA:591,0
DA:592,0
DA:593,0
DA:596,0
DA:597,0
DA:598,0
DA:602,0
DA:604,0
DA:605,0
DA:607,0
DA:635,0
DA:638,0
DA:639,0
DA:642,0
DA:644,0
DA:645,0
LF:83
LH:0
end_of_record
SF:lib/screens/registration/email_input_page.dart
DA:13,0
DA:15,0
DA:16,0
DA:33,0
DA:35,0
DA:36,0
DA:37,0
DA:38,0
DA:40,0
DA:43,0
DA:44,0
DA:45,0
DA:46,0
DA:47,0
DA:48,0
DA:49,0
DA:50,0
DA:51,0
DA:52,0
DA:54,0
DA:55,0
DA:58,0
DA:60,0
DA:63,0
DA:66,0
DA:67,0
DA:68,0
DA:70,0
DA:71,0
DA:74,0
DA:75,0
DA:78,0
DA:79,0
DA:84,0
DA:85,0
DA:93,0
DA:94,0
DA:95,0
DA:97,0
DA:98,0
DA:101,0
DA:103,0
DA:106,0
DA:108,0
DA:109,0
DA:110,0
DA:112,0
DA:113,0
DA:116,0
DA:117,0
DA:120,0
DA:121,0
DA:126,0
DA:127,0
DA:137,0
DA:138,0
DA:140,0
DA:142,0
DA:143,0
DA:145,0
DA:147,0
DA:148,0
DA:151,0
DA:152,0
DA:154,0
DA:155,0
DA:156,0
DA:158,0
DA:159,0
DA:162,0
DA:163,0
DA:166,0
DA:167,0
DA:172,0
DA:173,0
DA:181,0
DA:183,0
DA:185,0
DA:187,0
DA:188,0
DA:190,0
DA:192,0
DA:193,0
DA:196,0
DA:197,0
DA:199,0
DA:200,0
DA:201,0
DA:204,0
DA:205,0
DA:208,0
DA:209,0
DA:212,0
DA:213,0
DA:218,0
DA:219,0
DA:228,0
DA:229,0
DA:231,0
DA:234,0
DA:236,0
DA:237,0
DA:238,0
DA:239,0
DA:240,0
DA:241,0
DA:245,0
DA:246,0
DA:247,0
DA:248,0
DA:249,0
DA:250,0
DA:251,0
DA:253,0
DA:254,0
DA:255,0
DA:257,0
DA:258,0
DA:259,0
DA:262,0
DA:264,0
DA:265,0
DA:266,0
DA:267,0
DA:268,0
DA:269,0
DA:270,0
DA:271,0
DA:272,0
DA:273,0
DA:274,0
DA:276,0
DA:277,0
DA:278,0
DA:280,0
DA:281,0
DA:285,0
DA:286,0
DA:289,0
LF:139
LH:0
end_of_record
SF:lib/service/api_service.dart
DA:9,0
DA:11,0
DA:14,0
DA:17,0
DA:18,0
DA:20,0
DA:22,0
DA:24,0
DA:26,0
DA:28,0
DA:30,0
DA:32,0
DA:33,0
DA:34,0
DA:36,0
DA:48,0
DA:49,0
DA:50,0
DA:52,0
DA:56,0
DA:59,0
DA:62,0
DA:66,0
DA:69,0
DA:72,0
DA:75,0
DA:76,0
DA:78,0
DA:80,0
DA:82,0
DA:84,0
DA:86,0
DA:88,0
DA:90,0
DA:91,0
DA:92,0
DA:94,0
DA:106,0
DA:107,0
DA:108,0
DA:110,0
DA:114,0
DA:117,0
DA:120,0
LF:44
LH:0
end_of_record
SF:lib/screens/drawer_pages/account/account_parameters_page.dart
DA:11,0
DA:13,0
DA:14,0
DA:15,0
DA:17,0
DA:18,0
DA:19,0
DA:20,0
DA:21,0
DA:22,0
DA:29,0
DA:31,0
DA:32,0
DA:33,0
DA:34,0
DA:36,0
DA:38,0
DA:39,0
DA:42,0
DA:43,0
DA:45,0
DA:46,0
DA:51,0
DA:53,0
DA:54,0
DA:60,0
DA:61,0
DA:62,0
DA:63,0
DA:67,0
DA:69,0
DA:71,0
DA:77,0
LF:33
LH:0
end_of_record
SF:lib/screens/drawer_pages/account/profile_page.dart
DA:4,0
DA:6,0
LF:2
LH:0
end_of_record
SF:lib/screens/drawer_pages/account/saved_address/addresses_welcome_page.dart
DA:4,0
DA:6,0
LF:2
LH:0
end_of_record
SF:lib/service/firebase_servies.dart
DA:4,0
DA:6,0
DA:8,0
DA:9,0
LF:4
LH:0
end_of_record
SF:lib/screens/filter_page.dart
DA:4,0
DA:6,0
DA:8,0
DA:9,0
DA:10,0
LF:5
LH:0
end_of_record
SF:lib/screens/home_screen.dart
DA:23,0
DA:25,0
DA:26,0
DA:41,0
DA:42,0
DA:43,0
DA:88,0
DA:90,0
DA:91,0
DA:92,0
DA:93,0
DA:98,0
DA:101,0
DA:102,0
DA:103,0
DA:104,0
DA:107,0
DA:108,0
DA:109,0
DA:115,0
DA:116,0
DA:117,0
DA:123,0
DA:124,0
DA:125,0
DA:129,0
DA:131,0
DA:132,0
DA:133,0
DA:134,0
DA:135,0
DA:136,0
DA:137,0
DA:140,0
DA:142,0
DA:149,0
DA:151,0
DA:152,0
DA:155,0
DA:157,0
DA:159,0
DA:160,0
DA:166,0
DA:167,0
DA:171,0
DA:179,0
DA:181,0
DA:182,0
DA:183,0
DA:184,0
DA:185,0
DA:186,0
DA:187,0
DA:191,0
DA:192,0
DA:193,0
DA:194,0
DA:199,0
DA:200,0
DA:201,0
DA:202,0
DA:209,0
DA:210,0
DA:211,0
DA:212,0
DA:213,0
DA:214,0
DA:215,0
DA:223,0
DA:224,0
DA:391,0
DA:392,0
DA:528,0
DA:532,0
DA:534,0
DA:536,0
DA:538,0
DA:539,0
DA:540,0
DA:542,0
DA:546,0
DA:547,0
DA:551,0
DA:552,0
DA:553,0
DA:555,0
DA:557,0
DA:560,0
DA:562,0
DA:563,0
DA:564,0
DA:569,0
DA:570,0
DA:576,0
DA:577,0
DA:579,0
DA:580,0
DA:582,0
DA:583,0
DA:587,0
DA:590,0
DA:591,0
DA:593,0
DA:596,0
DA:597,0
DA:599,0
DA:601,0
DA:602,0
DA:606,0
DA:608,0
DA:624,0
DA:637,0
DA:641,0
DA:645,0
DA:646,0
DA:647,0
DA:648,0
DA:650,0
DA:653,0
DA:655,0
DA:656,0
DA:657,0
DA:659,0
DA:662,0
DA:664,0
DA:666,0
DA:669,0
DA:675,0
DA:677,0
DA:682,0
DA:685,0
DA:686,0
DA:835,0
DA:836,0
DA:837,0
DA:838,0
DA:843,0
DA:844,0
DA:845,0
DA:846,0
DA:847,0
DA:851,0
DA:852,0
DA:853,0
DA:854,0
DA:855,0
DA:858,0
DA:864,0
DA:865,0
DA:867,0
DA:868,0
DA:869,0
DA:870,0
DA:871,0
DA:873,0
DA:874,0
DA:875,0
DA:878,0
DA:879,0
DA:881,0
DA:882,0
DA:886,0
DA:887,0
DA:889,0
DA:893,0
DA:894,0
DA:896,0
DA:899,0
DA:900,0
DA:903,0
LF:170
LH:0
end_of_record
SF:lib/service/user_location_service.dart
DA:4,0
DA:9,0
DA:14,0
DA:17,0
DA:18,0
DA:19,0
DA:20,0
DA:26,0
DA:30,0
DA:32,0
DA:38,0
LF:11
LH:0
end_of_record
SF:lib/widgets/bottonNavbarController.dart
DA:11,0
DA:13,0
DA:14,0
DA:21,0
DA:22,0
DA:26,0
DA:28,0
DA:29,0
DA:80,0
DA:83,0
DA:86,0
DA:87,0
DA:88,0
DA:92,0
DA:94,0
DA:95,0
DA:97,0
DA:99,0
DA:100,0
DA:101,0
DA:119,0
DA:121,0
DA:122,0
DA:123,0
LF:24
LH:0
end_of_record
